<?xml version="1.0" encoding="UTF-8"?>
<!-- Generated by org.testng.reporters.JUnitReportReporter -->
<testsuite skipped="0" hostname="Jaganath-PC" name="org.testcases.DAshboardTestcase" tests="1" failures="0" timestamp="21 Sep 2022 06:16:11 GMT" time="33.590" errors="0">
  <testcase name="dashEx" time="33.590" classname="org.testcases.DAshboardTestcase"/>
</testsuite> <!-- org.testcases.DAshboardTestcase -->
