<?xml version="1.0" encoding="UTF-8"?>
<!-- Generated by org.testng.reporters.JUnitReportReporter -->
<testsuite skipped="0" hostname="Jaganath-PC" name="org.testcases.Logintest" tests="1" failures="0" timestamp="21 Sep 2022 06:03:50 GMT" time="102.012" errors="0">
  <testcase name="loginEx" time="102.012" classname="org.testcases.Logintest"/>
</testsuite> <!-- org.testcases.Logintest -->
